<?xml version="1.0" encoding="UTF-8"?>
<testsuite name="그대로 리스트 반환 시 테스트" tests="1" skipped="0" failures="0" errors="0" timestamp="2023-02-15T12:54:29" hostname="gimseonghun-ui-MacBookAir.local" time="0.037">
  <properties/>
  <testcase name="원본 리스트 안의 객체 요소 변경 시 복사한 리스트 안의 객체 요소도 변경이 된다." classname="org.example.getCarsTest" time="0.037"/>
  <system-out><![CDATA[]]></system-out>
  <system-err><![CDATA[]]></system-err>
</testsuite>
